[     100ms] [INFO] %cDownload the React DevTools for a better development experience: https://react.dev/link/react-devtools font-weight:bold @ http://localhost:3000/_next/static/chunks/cd045_next_dist_492679fb._.js:2303
[     125ms] [LOG] [HMR] connected @ http://localhost:3000/_next/static/chunks/cd045_next_dist_492679fb._.js:2303
[    2078ms] [ERROR] A tree hydrated but some attributes of the server rendered HTML didn't match the client properties. This won't be patched up. This can happen if a SSR-ed Client Component used:

- A server/client branch `if (typeof window !== 'undefined')`.
- Variable input such as `Date.now()` or `Math.random()` which changes each time it's called.
- Date formatting in a user's locale which doesn't match the server.
- External changing data without sending a snapshot of it along with the HTML.
- Invalid HTML tag nesting.

It can also happen if the client has a browser extension installed which messes with the HTML before React loaded.

%s%s https://react.dev/link/hydration-mismatch 

  ...
    <SegmentViewNode type="page" pagePath="/egshugy-p...">
      <SegmentTrieNode>
      <ClientPageRoot Component={function ModPreviewPage} serverProvidedParams={{...}}>
        <ModPreviewPage params={Promise} searchParams={Promise}>
          <Suspense>
            <Inner>
              <div className="px-4 py-3 ...">
                <TransportClient>
                  <main className="noxa-zone" style={{...}}>
                    <div>
                    <div>
                    <div style={{position:"..."}}>
                      <header>
                      <section>
                      <div className="grid grid-..." style={{gap:"clamp...", ...}}>
                        <section>
                        <section aria-label="地図パネル">
                          <PaneTitle>
                          <div aria-label="地図プレビュー（モック）" role="img" style={{position:"...", ...}}>
                            <svg>
                            <svg
                              aria-hidden={true}
                              style={{position:"absolute",inset:0,width:"100%",height:"100%",opacity:0.18}}
                              xmlns="http://www.w3.org/2000/svg"
-                             viewBox="0 0 100 100"
-                             preserveAspectRatio="none"
                            >
                              <polyline
+                               points="0,55% 25%,48% 50%,52% 75%,44% 100%,50%"
-                               points="0,55 25,48 50,52 75,44 100,50"
                                fill="none"
                                stroke="var(--noxa-border-strong)"
                                strokeWidth="2"
-                               vector-effect="non-scaling-stroke"
                              >
                              <polyline
+                               points="20%,0 30%,35% 55%,55% 65%,100%"
-                               points="20,0 30,35 55,55 65,100"
                                fill="none"
                                stroke="var(--noxa-border-strong)"
                                strokeWidth="2"
-                               vector-effect="non-scaling-stroke"
                              >
                            ...
                          ...
    ...
 @ http://localhost:3000/_next/static/chunks/cd045_next_dist_492679fb._.js:3133
[   88383ms] [LOG] [Fast Refresh] rebuilding @ http://localhost:3000/_next/static/chunks/cd045_next_dist_492679fb._.js:2303
[   89195ms] [ERROR] Failed to load resource: the server responded with a status of 404 (Not Found) @ http://localhost:3000/modpreview?m=transport&_rsc=ae71d:0
[   89211ms] [LOG] [Fast Refresh] done in 535ms @ http://localhost:3000/_next/static/chunks/cd045_next_dist_492679fb._.js:2303
[   89251ms] [ERROR] Failed to load resource: the server responded with a status of 404 (Not Found) @ http://localhost:3000/modpreview?m=transport&_rsc=ae71d:0
[   89332ms] [LOG] [Fast Refresh] rebuilding @ http://localhost:3000/_next/static/chunks/cd045_next_dist_492679fb._.js:2303
[   89391ms] [LOG] [Fast Refresh] done in 167ms @ http://localhost:3000/_next/static/chunks/cd045_next_dist_492679fb._.js:2303
[   89467ms] [INFO] %cDownload the React DevTools for a better development experience: https://react.dev/link/react-devtools font-weight:bold @ http://localhost:3000/_next/static/chunks/cd045_next_dist_492679fb._.js:2303
[   89515ms] [LOG] [HMR] connected @ http://localhost:3000/_next/static/chunks/cd045_next_dist_492679fb._.js:2303
[   89539ms] [ERROR] A tree hydrated but some attributes of the server rendered HTML didn't match the client properties. This won't be patched up. This can happen if a SSR-ed Client Component used:

- A server/client branch `if (typeof window !== 'undefined')`.
- Variable input such as `Date.now()` or `Math.random()` which changes each time it's called.
- Date formatting in a user's locale which doesn't match the server.
- External changing data without sending a snapshot of it along with the HTML.
- Invalid HTML tag nesting.

It can also happen if the client has a browser extension installed which messes with the HTML before React loaded.

%s%s https://react.dev/link/hydration-mismatch 

  ...
    <SegmentViewNode type="page" pagePath="/egshugy-p...">
      <SegmentTrieNode>
      <ClientPageRoot Component={function ModPreviewPage} serverProvidedParams={{...}}>
        <ModPreviewPage params={Promise} searchParams={Promise}>
          <Suspense>
            <Inner>
              <div className="px-4 py-3 ...">
                <TransportClient>
                  <main className="noxa-zone" style={{...}}>
                    <div>
                    <div>
                    <div style={{position:"..."}}>
                      <header>
                      <section>
                      <div className="grid grid-..." style={{gap:"clamp...", ...}}>
                        <section>
                        <section aria-label="地図パネル">
                          <PaneTitle>
                          <div aria-label="地図プレビュー（モック）" role="img" style={{position:"...", ...}}>
                            <svg>
                            <svg
                              aria-hidden={true}
                              style={{position:"absolute",inset:0,width:"100%",height:"100%",opacity:0.18}}
                              xmlns="http://www.w3.org/2000/svg"
-                             viewBox="0 0 100 100"
-                             preserveAspectRatio="none"
                            >
                              <polyline
+                               points="0,55% 25%,48% 50%,52% 75%,44% 100%,50%"
-                               points="0,55 25,48 50,52 75,44 100,50"
                                fill="none"
                                stroke="var(--noxa-border-strong)"
                                strokeWidth="2"
-                               vector-effect="non-scaling-stroke"
                              >
                              <polyline
+                               points="20%,0 30%,35% 55%,55% 65%,100%"
-                               points="20,0 30,35 55,55 65,100"
                                fill="none"
                                stroke="var(--noxa-border-strong)"
                                strokeWidth="2"
-                               vector-effect="non-scaling-stroke"
                              >
                            ...
                          ...
    ...
 @ http://localhost:3000/_next/static/chunks/cd045_next_dist_492679fb._.js:3133
[   89769ms] [LOG] [Fast Refresh] rebuilding @ http://localhost:3000/_next/static/chunks/cd045_next_dist_492679fb._.js:2303
[   89771ms] [LOG] [Fast Refresh] done in 102ms @ http://localhost:3000/_next/static/chunks/cd045_next_dist_492679fb._.js:2303
[   90854ms] [LOG] [Fast Refresh] rebuilding @ http://localhost:3000/_next/static/chunks/cd045_next_dist_492679fb._.js:2303
[   90922ms] [LOG] [Fast Refresh] done in 176ms @ http://localhost:3000/_next/static/chunks/cd045_next_dist_492679fb._.js:2303
[   91035ms] [LOG] [Fast Refresh] rebuilding @ http://localhost:3000/_next/static/chunks/cd045_next_dist_492679fb._.js:2303
[   91072ms] [LOG] [Fast Refresh] done in 147ms @ http://localhost:3000/_next/static/chunks/cd045_next_dist_492679fb._.js:2303
[   91353ms] [LOG] [Fast Refresh] rebuilding @ http://localhost:3000/_next/static/chunks/cd045_next_dist_492679fb._.js:2303
[   91390ms] [LOG] [Fast Refresh] done in 138ms @ http://localhost:3000/_next/static/chunks/cd045_next_dist_492679fb._.js:2303
[   93639ms] [LOG] [Fast Refresh] rebuilding @ http://localhost:3000/_next/static/chunks/cd045_next_dist_492679fb._.js:2303
[   93645ms] [LOG] [Fast Refresh] done in 110ms @ http://localhost:3000/_next/static/chunks/cd045_next_dist_492679fb._.js:2303
[   94424ms] [LOG] [Fast Refresh] rebuilding @ http://localhost:3000/_next/static/chunks/cd045_next_dist_492679fb._.js:2303
[   94426ms] [LOG] [Fast Refresh] done in 113ms @ http://localhost:3000/_next/static/chunks/cd045_next_dist_492679fb._.js:2303
[   94610ms] [LOG] [Fast Refresh] rebuilding @ http://localhost:3000/_next/static/chunks/cd045_next_dist_492679fb._.js:2303
[   94617ms] [LOG] [Fast Refresh] done in 108ms @ http://localhost:3000/_next/static/chunks/cd045_next_dist_492679fb._.js:2303
[   94724ms] [LOG] [Fast Refresh] rebuilding @ http://localhost:3000/_next/static/chunks/cd045_next_dist_492679fb._.js:2303
[   94727ms] [LOG] [Fast Refresh] done in 109ms @ http://localhost:3000/_next/static/chunks/cd045_next_dist_492679fb._.js:2303
[   95024ms] [LOG] [Fast Refresh] rebuilding @ http://localhost:3000/_next/static/chunks/cd045_next_dist_492679fb._.js:2303
[   95052ms] [LOG] [Fast Refresh] done in 134ms @ http://localhost:3000/_next/static/chunks/cd045_next_dist_492679fb._.js:2303
[   95420ms] [LOG] [Fast Refresh] rebuilding @ http://localhost:3000/_next/static/chunks/cd045_next_dist_492679fb._.js:2303
[   95631ms] [LOG] [Fast Refresh] done in 321ms @ http://localhost:3000/_next/static/chunks/cd045_next_dist_492679fb._.js:2303
[   96028ms] [LOG] [Fast Refresh] rebuilding @ http://localhost:3000/_next/static/chunks/cd045_next_dist_492679fb._.js:2303
[   96093ms] [LOG] [Fast Refresh] done in 178ms @ http://localhost:3000/_next/static/chunks/cd045_next_dist_492679fb._.js:2303
[   96627ms] [LOG] [Fast Refresh] rebuilding @ http://localhost:3000/_next/static/chunks/cd045_next_dist_492679fb._.js:2303
[   96629ms] [LOG] [Fast Refresh] done in 109ms @ http://localhost:3000/_next/static/chunks/cd045_next_dist_492679fb._.js:2303
[   96775ms] [LOG] [Fast Refresh] rebuilding @ http://localhost:3000/_next/static/chunks/cd045_next_dist_492679fb._.js:2303
[   96776ms] [LOG] [Fast Refresh] done in 108ms @ http://localhost:3000/_next/static/chunks/cd045_next_dist_492679fb._.js:2303
[   98163ms] [LOG] [Fast Refresh] rebuilding @ http://localhost:3000/_next/static/chunks/cd045_next_dist_492679fb._.js:2303
[   98220ms] [LOG] [Fast Refresh] done in 168ms @ http://localhost:3000/_next/static/chunks/cd045_next_dist_492679fb._.js:2303
[  451169ms] [LOG] [Fast Refresh] rebuilding @ http://localhost:3000/_next/static/chunks/cd045_next_dist_492679fb._.js:2303
[  451435ms] [LOG] [Fast Refresh] done in 369ms @ http://localhost:3000/_next/static/chunks/cd045_next_dist_492679fb._.js:2303
