[     114ms] [INFO] %cDownload the React DevTools for a better development experience: https://react.dev/link/react-devtools font-weight:bold @ http://localhost:3000/_next/static/chunks/cd045_next_dist_492679fb._.js:2303
[     136ms] [LOG] [HMR] connected @ http://localhost:3000/_next/static/chunks/cd045_next_dist_492679fb._.js:2303
[   22808ms] [LOG] [Fast Refresh] rebuilding @ http://localhost:3000/_next/static/chunks/cd045_next_dist_492679fb._.js:2303
[   23183ms] [ERROR] Failed to load resource: the server responded with a status of 404 (Not Found) @ http://localhost:3000/modpreview?m=seating&_rsc=1eb6k:0
[   23196ms] [LOG] [Fast Refresh] done in 465ms @ http://localhost:3000/_next/static/chunks/cd045_next_dist_492679fb._.js:2303
[   23241ms] [ERROR] Failed to load resource: the server responded with a status of 404 (Not Found) @ http://localhost:3000/modpreview?m=seating&_rsc=1eb6k:0
[   23312ms] [LOG] [Fast Refresh] rebuilding @ http://localhost:3000/_next/static/chunks/cd045_next_dist_492679fb._.js:2303
[   23395ms] [LOG] [Fast Refresh] done in 184ms @ http://localhost:3000/_next/static/chunks/cd045_next_dist_492679fb._.js:2303
[   23445ms] [INFO] %cDownload the React DevTools for a better development experience: https://react.dev/link/react-devtools font-weight:bold @ http://localhost:3000/_next/static/chunks/cd045_next_dist_492679fb._.js:2303
[   23465ms] [LOG] [HMR] connected @ http://localhost:3000/_next/static/chunks/cd045_next_dist_492679fb._.js:2303
[   23579ms] [LOG] [Fast Refresh] rebuilding @ http://localhost:3000/_next/static/chunks/cd045_next_dist_492679fb._.js:2303
[   23677ms] [LOG] [Fast Refresh] done in 199ms @ http://localhost:3000/_next/static/chunks/cd045_next_dist_492679fb._.js:2303
[   23792ms] [LOG] [Fast Refresh] rebuilding @ http://localhost:3000/_next/static/chunks/cd045_next_dist_492679fb._.js:2303
[   23823ms] [LOG] [Fast Refresh] done in 135ms @ http://localhost:3000/_next/static/chunks/cd045_next_dist_492679fb._.js:2303
[   24213ms] [LOG] [Fast Refresh] rebuilding @ http://localhost:3000/_next/static/chunks/cd045_next_dist_492679fb._.js:2303
[   24216ms] [LOG] [Fast Refresh] done in 115ms @ http://localhost:3000/_next/static/chunks/cd045_next_dist_492679fb._.js:2303
[   25444ms] [LOG] [Fast Refresh] rebuilding @ http://localhost:3000/_next/static/chunks/cd045_next_dist_492679fb._.js:2303
[   25445ms] [LOG] [Fast Refresh] done in 103ms @ http://localhost:3000/_next/static/chunks/cd045_next_dist_492679fb._.js:2303
[   25748ms] [LOG] [Fast Refresh] rebuilding @ http://localhost:3000/_next/static/chunks/cd045_next_dist_492679fb._.js:2303
[   25949ms] [LOG] [Fast Refresh] done in 308ms @ http://localhost:3000/_next/static/chunks/cd045_next_dist_492679fb._.js:2303
[   26249ms] [LOG] [Fast Refresh] rebuilding @ http://localhost:3000/_next/static/chunks/cd045_next_dist_492679fb._.js:2303
[   26274ms] [LOG] [Fast Refresh] done in 128ms @ http://localhost:3000/_next/static/chunks/cd045_next_dist_492679fb._.js:2303
[   26732ms] [LOG] [Fast Refresh] rebuilding @ http://localhost:3000/_next/static/chunks/cd045_next_dist_492679fb._.js:2303
[   26843ms] [LOG] [Fast Refresh] done in 213ms @ http://localhost:3000/_next/static/chunks/cd045_next_dist_492679fb._.js:2303
[   27265ms] [LOG] [Fast Refresh] rebuilding @ http://localhost:3000/_next/static/chunks/cd045_next_dist_492679fb._.js:2303
[   27266ms] [LOG] [Fast Refresh] done in 109ms @ http://localhost:3000/_next/static/chunks/cd045_next_dist_492679fb._.js:2303
[   27378ms] [LOG] [Fast Refresh] rebuilding @ http://localhost:3000/_next/static/chunks/cd045_next_dist_492679fb._.js:2303
[   27405ms] [LOG] [Fast Refresh] done in 134ms @ http://localhost:3000/_next/static/chunks/cd045_next_dist_492679fb._.js:2303
[   28480ms] [LOG] [Fast Refresh] rebuilding @ http://localhost:3000/_next/static/chunks/cd045_next_dist_492679fb._.js:2303
[   28542ms] [LOG] [Fast Refresh] done in 168ms @ http://localhost:3000/_next/static/chunks/cd045_next_dist_492679fb._.js:2303
[   28643ms] [LOG] [Fast Refresh] rebuilding @ http://localhost:3000/_next/static/chunks/cd045_next_dist_492679fb._.js:2303
[   28737ms] [LOG] [Fast Refresh] done in 194ms @ http://localhost:3000/_next/static/chunks/cd045_next_dist_492679fb._.js:2303
[   28852ms] [LOG] [Fast Refresh] rebuilding @ http://localhost:3000/_next/static/chunks/cd045_next_dist_492679fb._.js:2303
[   28906ms] [LOG] [Fast Refresh] done in 165ms @ http://localhost:3000/_next/static/chunks/cd045_next_dist_492679fb._.js:2303
[   29017ms] [LOG] [Fast Refresh] rebuilding @ http://localhost:3000/_next/static/chunks/cd045_next_dist_492679fb._.js:2303
[   29098ms] [LOG] [Fast Refresh] done in 188ms @ http://localhost:3000/_next/static/chunks/cd045_next_dist_492679fb._.js:2303
[   30220ms] [LOG] [Fast Refresh] rebuilding @ http://localhost:3000/_next/static/chunks/cd045_next_dist_492679fb._.js:2303
[   30287ms] [LOG] [Fast Refresh] done in 170ms @ http://localhost:3000/_next/static/chunks/cd045_next_dist_492679fb._.js:2303
[   31154ms] [LOG] [Fast Refresh] rebuilding @ http://localhost:3000/_next/static/chunks/cd045_next_dist_492679fb._.js:2303
[   31155ms] [LOG] [Fast Refresh] done in 114ms @ http://localhost:3000/_next/static/chunks/cd045_next_dist_492679fb._.js:2303
[   31270ms] [LOG] [Fast Refresh] rebuilding @ http://localhost:3000/_next/static/chunks/cd045_next_dist_492679fb._.js:2303
[   31341ms] [LOG] [Fast Refresh] done in 183ms @ http://localhost:3000/_next/static/chunks/cd045_next_dist_492679fb._.js:2303
[   31487ms] [LOG] [Fast Refresh] rebuilding @ http://localhost:3000/_next/static/chunks/cd045_next_dist_492679fb._.js:2303
[   31587ms] [LOG] [Fast Refresh] done in 204ms @ http://localhost:3000/_next/static/chunks/cd045_next_dist_492679fb._.js:2303
[   31920ms] [LOG] [Fast Refresh] rebuilding @ http://localhost:3000/_next/static/chunks/cd045_next_dist_492679fb._.js:2303
[   31921ms] [LOG] [Fast Refresh] done in 104ms @ http://localhost:3000/_next/static/chunks/cd045_next_dist_492679fb._.js:2303
[   39262ms] [ERROR] WebSocket connection to 'ws://localhost:3000/_next/webpack-hmr?id=B7bL4ZpnA8nykYdehRTO9' failed: Error in connection establishment: net::ERR_CONNECTION_REFUSED @ http://localhost:3000/_next/static/chunks/cd045_next_dist_client_f8ab72f2._.js:10879
[   42583ms] [ERROR] WebSocket connection to 'ws://localhost:3000/_next/webpack-hmr?id=B7bL4ZpnA8nykYdehRTO9' failed: Error in connection establishment: net::ERR_CONNECTION_REFUSED @ http://localhost:3000/_next/static/chunks/cd045_next_dist_client_f8ab72f2._.js:10879
[   45950ms] [ERROR] WebSocket connection to 'ws://localhost:3000/_next/webpack-hmr?id=B7bL4ZpnA8nykYdehRTO9' failed: Error in connection establishment: net::ERR_CONNECTION_REFUSED @ http://localhost:3000/_next/static/chunks/cd045_next_dist_client_f8ab72f2._.js:10879
[   49292ms] [ERROR] WebSocket connection to 'ws://localhost:3000/_next/webpack-hmr?id=B7bL4ZpnA8nykYdehRTO9' failed: Error in connection establishment: net::ERR_CONNECTION_REFUSED @ http://localhost:3000/_next/static/chunks/cd045_next_dist_client_f8ab72f2._.js:10879
[   52661ms] [ERROR] WebSocket connection to 'ws://localhost:3000/_next/webpack-hmr?id=B7bL4ZpnA8nykYdehRTO9' failed: Error in connection establishment: net::ERR_CONNECTION_REFUSED @ http://localhost:3000/_next/static/chunks/cd045_next_dist_client_f8ab72f2._.js:10879
[   60003ms] [ERROR] WebSocket connection to 'ws://localhost:3000/_next/webpack-hmr?id=B7bL4ZpnA8nykYdehRTO9' failed: Error in connection establishment: net::ERR_CONNECTION_REFUSED @ http://localhost:3000/_next/static/chunks/cd045_next_dist_client_f8ab72f2._.js:10879
[   67326ms] [ERROR] WebSocket connection to 'ws://localhost:3000/_next/webpack-hmr?id=B7bL4ZpnA8nykYdehRTO9' failed: Error in connection establishment: net::ERR_CONNECTION_REFUSED @ http://localhost:3000/_next/static/chunks/cd045_next_dist_client_f8ab72f2._.js:10879
[   74667ms] [ERROR] WebSocket connection to 'ws://localhost:3000/_next/webpack-hmr?id=B7bL4ZpnA8nykYdehRTO9' failed: Error in connection establishment: net::ERR_CONNECTION_REFUSED @ http://localhost:3000/_next/static/chunks/cd045_next_dist_client_f8ab72f2._.js:10879
[   82009ms] [ERROR] WebSocket connection to 'ws://localhost:3000/_next/webpack-hmr?id=B7bL4ZpnA8nykYdehRTO9' failed: Error in connection establishment: net::ERR_CONNECTION_REFUSED @ http://localhost:3000/_next/static/chunks/cd045_next_dist_client_f8ab72f2._.js:10879
[   89334ms] [ERROR] WebSocket connection to 'ws://localhost:3000/_next/webpack-hmr?id=B7bL4ZpnA8nykYdehRTO9' failed: Error in connection establishment: net::ERR_CONNECTION_REFUSED @ http://localhost:3000/_next/static/chunks/cd045_next_dist_client_f8ab72f2._.js:10879
[   96674ms] [ERROR] WebSocket connection to 'ws://localhost:3000/_next/webpack-hmr?id=B7bL4ZpnA8nykYdehRTO9' failed: Error in connection establishment: net::ERR_CONNECTION_REFUSED @ http://localhost:3000/_next/static/chunks/cd045_next_dist_client_f8ab72f2._.js:10879
[  104015ms] [ERROR] WebSocket connection to 'ws://localhost:3000/_next/webpack-hmr?id=B7bL4ZpnA8nykYdehRTO9' failed: Error in connection establishment: net::ERR_CONNECTION_REFUSED @ http://localhost:3000/_next/static/chunks/cd045_next_dist_client_f8ab72f2._.js:10879
