[     469ms] [LOG] [ Federation Runtime ] Version 18.2.0 from dashboard of shared singleton module react does not satisfy the requirement of dashboard which needs catalog:react18) @ https://dash.cloudflare.com/runtime.95d0d223ba623070.js:3
[     470ms] [LOG] [ Federation Runtime ] Version 11.7.0 from dashboard of shared singleton module react-fela does not satisfy the requirement of dashboard which needs 11.6.1) @ https://dash.cloudflare.com/runtime.95d0d223ba623070.js:3
[     472ms] [LOG] [ Federation Runtime ] Version 18.2.0 from dashboard of shared singleton module react-dom does not satisfy the requirement of dashboard which needs catalog:react18) @ https://dash.cloudflare.com/runtime.95d0d223ba623070.js:3
[     472ms] [LOG] [ Federation Runtime ] Version 1.12.9 from dashboard of shared singleton module @cloudflare/intl-react does not satisfy the requirement of dashboard which needs workspace:^) @ https://dash.cloudflare.com/runtime.95d0d223ba623070.js:3
[     472ms] [LOG] [ Federation Runtime ] Version 1.12.9 from dashboard of shared singleton module @cloudflare/intl-react does not satisfy the requirement of dashboard which needs workspace:^) @ https://dash.cloudflare.com/runtime.95d0d223ba623070.js:3
[     473ms] [LOG] [ Federation Runtime ] Version 1.12.9 from dashboard of shared singleton module @cloudflare/intl-react does not satisfy the requirement of dashboard which needs workspace:^) @ https://dash.cloudflare.com/runtime.95d0d223ba623070.js:3
[     473ms] [LOG] [ Federation Runtime ] Version 1.12.9 from dashboard of shared singleton module @cloudflare/intl-react does not satisfy the requirement of dashboard which needs workspace:^) @ https://dash.cloudflare.com/runtime.95d0d223ba623070.js:3
[     475ms] [LOG] [ Federation Runtime ] Version 1.12.9 from dashboard of shared singleton module @cloudflare/intl-react does not satisfy the requirement of dashboard which needs workspace:^) @ https://dash.cloudflare.com/runtime.95d0d223ba623070.js:3
[     527ms] [LOG] [ Federation Runtime ] Version 18.2.0 from dashboard of shared singleton module react does not satisfy the requirement of dashboard which needs catalog:react18) @ https://dash.cloudflare.com/runtime.95d0d223ba623070.js:3
[     527ms] [LOG] [ Federation Runtime ] Version 18.2.0 from dashboard of shared singleton module react-dom does not satisfy the requirement of dashboard which needs catalog:react18) @ https://dash.cloudflare.com/runtime.95d0d223ba623070.js:3
[     679ms] [LOG] [ Federation Runtime ] Version 11.7.0 from dashboard of shared singleton module react-fela does not satisfy the requirement of dashboard which needs 11.6.1) @ https://dash.cloudflare.com/runtime.95d0d223ba623070.js:3
[     688ms] [LOG] [ Federation Runtime ] Version 1.12.9 from dashboard of shared singleton module @cloudflare/intl-react does not satisfy the requirement of dashboard which needs workspace:^) @ https://dash.cloudflare.com/runtime.95d0d223ba623070.js:3
[    1411ms] [LOG] [ Federation Runtime ] Version 1.12.9 from dashboard of shared singleton module @cloudflare/intl-react does not satisfy the requirement of dashboard which needs workspace:^) @ https://dash.cloudflare.com/cf-7f54f021cf8c5ef0.js:2
[    1412ms] [LOG] [ Federation Runtime ] Version 1.12.9 from dashboard of shared singleton module @cloudflare/intl-react does not satisfy the requirement of dashboard which needs workspace:^) @ https://dash.cloudflare.com/cf-7f54f021cf8c5ef0.js:2
[    1413ms] [LOG] [ Federation Runtime ] Version 1.12.9 from dashboard of shared singleton module @cloudflare/intl-react does not satisfy the requirement of dashboard which needs workspace:^) @ https://dash.cloudflare.com/cf-7f54f021cf8c5ef0.js:2
[    1413ms] [LOG] [ Federation Runtime ] Version 1.12.9 from dashboard of shared singleton module @cloudflare/intl-react does not satisfy the requirement of dashboard which needs workspace:^) @ https://dash.cloudflare.com/cf-7f54f021cf8c5ef0.js:2
[    1413ms] [LOG] [ Federation Runtime ] Version 1.12.9 from dashboard of shared singleton module @cloudflare/intl-react does not satisfy the requirement of dashboard which needs workspace:^) @ https://dash.cloudflare.com/cf-7f54f021cf8c5ef0.js:2
[    1414ms] [LOG] [ Federation Runtime ] Version 1.12.9 from dashboard of shared singleton module @cloudflare/intl-react does not satisfy the requirement of dashboard which needs workspace:^) @ https://dash.cloudflare.com/cf-7f54f021cf8c5ef0.js:2
[    1414ms] [LOG] [ Federation Runtime ] Version 1.12.9 from dashboard of shared singleton module @cloudflare/intl-react does not satisfy the requirement of dashboard which needs workspace:^) @ https://dash.cloudflare.com/cf-7f54f021cf8c5ef0.js:2
[    1414ms] [LOG] [ Federation Runtime ] Version 1.12.9 from dashboard of shared singleton module @cloudflare/intl-react does not satisfy the requirement of dashboard which needs workspace:^) @ https://dash.cloudflare.com/cf-7f54f021cf8c5ef0.js:2
[    1414ms] [LOG] [ Federation Runtime ] Version 1.12.9 from dashboard of shared singleton module @cloudflare/intl-react does not satisfy the requirement of dashboard which needs workspace:^) @ https://dash.cloudflare.com/cf-7f54f021cf8c5ef0.js:2
[    1414ms] [LOG] [ Federation Runtime ] Version 1.12.9 from dashboard of shared singleton module @cloudflare/intl-react does not satisfy the requirement of dashboard which needs workspace:^) @ https://dash.cloudflare.com/cf-7f54f021cf8c5ef0.js:2
[    1414ms] [LOG] [ Federation Runtime ] Version 1.12.9 from dashboard of shared singleton module @cloudflare/intl-react does not satisfy the requirement of dashboard which needs workspace:^) @ https://dash.cloudflare.com/cf-7f54f021cf8c5ef0.js:2
[    1414ms] [LOG] [ Federation Runtime ] Version 1.12.9 from dashboard of shared singleton module @cloudflare/intl-react does not satisfy the requirement of dashboard which needs workspace:^) @ https://dash.cloudflare.com/cf-7f54f021cf8c5ef0.js:2
[    1414ms] [LOG] [ Federation Runtime ] Version 1.12.9 from dashboard of shared singleton module @cloudflare/intl-react does not satisfy the requirement of dashboard which needs workspace:^) @ https://dash.cloudflare.com/cf-7f54f021cf8c5ef0.js:2
[    1415ms] [LOG] [ Federation Runtime ] Version 1.12.9 from dashboard of shared singleton module @cloudflare/intl-react does not satisfy the requirement of dashboard which needs workspace:^) @ https://dash.cloudflare.com/cf-7f54f021cf8c5ef0.js:2
[    1415ms] [LOG] [ Federation Runtime ] Version 1.12.9 from dashboard of shared singleton module @cloudflare/intl-react does not satisfy the requirement of dashboard which needs workspace:^) @ https://dash.cloudflare.com/cf-7f54f021cf8c5ef0.js:2
[    1415ms] [LOG] [ Federation Runtime ] Version 1.12.9 from dashboard of shared singleton module @cloudflare/intl-react does not satisfy the requirement of dashboard which needs workspace:^) @ https://dash.cloudflare.com/cf-7f54f021cf8c5ef0.js:2
[    1415ms] [LOG] [ Federation Runtime ] Version 1.12.9 from dashboard of shared singleton module @cloudflare/intl-react does not satisfy the requirement of dashboard which needs workspace:^) @ https://dash.cloudflare.com/cf-7f54f021cf8c5ef0.js:2
[    1949ms] [ERROR] Failed to load resource: the server responded with a status of 403 () @ https://dash.cloudflare.com/api/v4/organizations?per_page=100:0
[    3210ms] [ERROR] Failed to load resource: the server responded with a status of 403 () @ https://dash.cloudflare.com/api/v4/organizations?per_page=100:0
[    3842ms] [LOG] The next request for the Private Access Token challenge may return a 401 and show a warning in console. @ https://challenges.cloudflare.com/cdn-cgi/challenge-platform/h/g/turnstile/f/ov2/av0/rch/ppaqf/0x4AAAAAAAJel0iaAR3mgkjp/light/fbE/new/flexible?lang=auto:0
[    3854ms] [ERROR] Failed to load resource: the server responded with a status of 401 () @ https://challenges.cloudflare.com/cdn-cgi/challenge-platform/h/g/pat/a0505ef12f5214a3/1780339479436/16c1bfe51ed957f45892e34c7f3441f3d4852e57244da5998e9b8b20ddfd487f/J3CTE7BCVrpMvps:0
[    5372ms] [ERROR] Failed to load resource: the server responded with a status of 403 () @ https://dash.cloudflare.com/api/v4/organizations?per_page=100:0
[    6470ms] [LOG] /.*.*=.*/ @ https://challenges.cloudflare.com/cdn-cgi/challenge-platform/h/g/turnstile/f/ov2/av0/rch/ppaqf/0x4AAAAAAAJel0iaAR3mgkjp/light/fbE/new/flexible?lang=auto:0
[    6470ms] [LOG] /.*.*=.*/ @ https://challenges.cloudflare.com/cdn-cgi/challenge-platform/h/g/turnstile/f/ov2/av0/rch/ppaqf/0x4AAAAAAAJel0iaAR3mgkjp/light/fbE/new/flexible?lang=auto:0
[    6470ms] [LOG] function () { [native code] } @ https://challenges.cloudflare.com/cdn-cgi/challenge-platform/h/g/turnstile/f/ov2/av0/rch/ppaqf/0x4AAAAAAAJel0iaAR3mgkjp/light/fbE/new/flexible?lang=auto:0
[    6471ms] [LOG] function () { [native code] } @ https://challenges.cloudflare.com/cdn-cgi/challenge-platform/h/g/turnstile/f/ov2/av0/rch/ppaqf/0x4AAAAAAAJel0iaAR3mgkjp/light/fbE/new/flexible?lang=auto:0
[    6471ms] [LOG] JSHandle@node @ https://challenges.cloudflare.com/cdn-cgi/challenge-platform/h/g/turnstile/f/ov2/av0/rch/ppaqf/0x4AAAAAAAJel0iaAR3mgkjp/light/fbE/new/flexible?lang=auto:0
[    6471ms] [LOG] JSHandle@node @ https://challenges.cloudflare.com/cdn-cgi/challenge-platform/h/g/turnstile/f/ov2/av0/rch/ppaqf/0x4AAAAAAAJel0iaAR3mgkjp/light/fbE/new/flexible?lang=auto:0
[    6472ms] [COUNT]  : 1 @ https://challenges.cloudflare.com/cdn-cgi/challenge-platform/h/g/turnstile/f/ov2/av0/rch/ppaqf/0x4AAAAAAAJel0iaAR3mgkjp/light/fbE/new/flexible?lang=auto:0
[    6472ms] [COUNT]  : 1 @ https://challenges.cloudflare.com/cdn-cgi/challenge-platform/h/g/turnstile/f/ov2/av0/rch/ppaqf/0x4AAAAAAAJel0iaAR3mgkjp/light/fbE/new/flexible?lang=auto:0
[    6473ms] [DIR]  Error @ https://challenges.cloudflare.com/cdn-cgi/challenge-platform/h/g/turnstile/f/ov2/av0/rch/ppaqf/0x4AAAAAAAJel0iaAR3mgkjp/light/fbE/new/flexible?lang=auto:0
[    6473ms] [DIR]  Error @ https://challenges.cloudflare.com/cdn-cgi/challenge-platform/h/g/turnstile/f/ov2/av0/rch/ppaqf/0x4AAAAAAAJel0iaAR3mgkjp/light/fbE/new/flexible?lang=auto:0
[    6473ms] [DIRXML] %c%d font-size:0;color:transparent Error @ https://challenges.cloudflare.com/cdn-cgi/challenge-platform/h/g/turnstile/f/ov2/av0/rch/ppaqf/0x4AAAAAAAJel0iaAR3mgkjp/light/fbE/new/flexible?lang=auto:0
[    6474ms] [DIRXML] %c%d font-size:0;color:transparent Error @ https://challenges.cloudflare.com/cdn-cgi/challenge-platform/h/g/turnstile/f/ov2/av0/rch/ppaqf/0x4AAAAAAAJel0iaAR3mgkjp/light/fbE/new/flexible?lang=auto:0
[    6474ms] [ERROR] %c%d font-size:0;color:transparent NaN @ https://challenges.cloudflare.com/cdn-cgi/challenge-platform/h/g/turnstile/f/ov2/av0/rch/ppaqf/0x4AAAAAAAJel0iaAR3mgkjp/light/fbE/new/flexible?lang=auto:0
[    6475ms] [ERROR] %c%d font-size:0;color:transparent NaN @ https://challenges.cloudflare.com/cdn-cgi/challenge-platform/h/g/turnstile/f/ov2/av0/rch/ppaqf/0x4AAAAAAAJel0iaAR3mgkjp/light/fbE/new/flexible?lang=auto:0
[    6475ms] [INFO] %c%d font-size:0;color:transparent NaN @ https://challenges.cloudflare.com/cdn-cgi/challenge-platform/h/g/turnstile/f/ov2/av0/rch/ppaqf/0x4AAAAAAAJel0iaAR3mgkjp/light/fbE/new/flexible?lang=auto:0
[    6475ms] [INFO] %c%d font-size:0;color:transparent NaN @ https://challenges.cloudflare.com/cdn-cgi/challenge-platform/h/g/turnstile/f/ov2/av0/rch/ppaqf/0x4AAAAAAAJel0iaAR3mgkjp/light/fbE/new/flexible?lang=auto:0
[    6475ms] [LOG] %c%d font-size:0;color:transparent NaN @ https://challenges.cloudflare.com/cdn-cgi/challenge-platform/h/g/turnstile/f/ov2/av0/rch/ppaqf/0x4AAAAAAAJel0iaAR3mgkjp/light/fbE/new/flexible?lang=auto:0
[    6475ms] [LOG] %c%d font-size:0;color:transparent NaN @ https://challenges.cloudflare.com/cdn-cgi/challenge-platform/h/g/turnstile/f/ov2/av0/rch/ppaqf/0x4AAAAAAAJel0iaAR3mgkjp/light/fbE/new/flexible?lang=auto:0
[    6476ms] [TABLE] %c%d font-size:0;color:transparent Error @ https://challenges.cloudflare.com/cdn-cgi/challenge-platform/h/g/turnstile/f/ov2/av0/rch/ppaqf/0x4AAAAAAAJel0iaAR3mgkjp/light/fbE/new/flexible?lang=auto:0
[    6476ms] [TABLE] %c%d font-size:0;color:transparent Error @ https://challenges.cloudflare.com/cdn-cgi/challenge-platform/h/g/turnstile/f/ov2/av0/rch/ppaqf/0x4AAAAAAAJel0iaAR3mgkjp/light/fbE/new/flexible?lang=auto:0
[    6477ms] [WARNING] %c%d font-size:0;color:transparent NaN @ https://challenges.cloudflare.com/cdn-cgi/challenge-platform/h/g/turnstile/f/ov2/av0/rch/ppaqf/0x4AAAAAAAJel0iaAR3mgkjp/light/fbE/new/flexible?lang=auto:0
[    6477ms] [WARNING] %c%d font-size:0;color:transparent NaN @ https://challenges.cloudflare.com/cdn-cgi/challenge-platform/h/g/turnstile/f/ov2/av0/rch/ppaqf/0x4AAAAAAAJel0iaAR3mgkjp/light/fbE/new/flexible?lang=auto:0
[    9576ms] [ERROR] Failed to load resource: the server responded with a status of 403 () @ https://dash.cloudflare.com/api/v4/organizations?per_page=100:0
[    9973ms] [WARNING] The resource https://challenges.cloudflare.com/cdn-cgi/challenge-platform/h/g/cmg/1 was preloaded using link preload but not used within a few seconds from the window's load event. Please make sure it has an appropriate `as` value and it is preloaded intentionally. @ https://challenges.cloudflare.com/cdn-cgi/challenge-platform/h/g/turnstile/f/ov2/av0/rch/ppaqf/0x4AAAAAAAJel0iaAR3mgkjp/light/fbE/new/flexible?lang=auto:0
[   76390ms] [LOG] %c%s color: red; background: yellow; font-size: 24px; 警告 @ https://www.gstatic.com/_/mss/boq-identity/_/js/k=boq-identity.AccountsSignInUi.ja._pHNQUEmjOQ.es5.O/am=Ed8AAACAUfwjZADw__f_AAACCKIDvmcBmgAhAwAAAAAAAAAAFgAAQCM/d=1/excm=_b,_tp,accountchooserview/ed=1/dg=0/wt=2/ujg=1/rs=AOaEmlFtFAKy7YkurRLXZT7BJnAQDvZwcA/dti=1/m=_b,_tp:545
[   76391ms] [LOG] %c%s font-size: 18px; このコンソールを使用すると、Self-XSS と呼ばれる攻撃を使ってあなたになりすました攻撃者によって個人情報を騙し取られることがあります。
よくわからないコードは、入力したり、貼り付けたりしないでください。 @ https://www.gstatic.com/_/mss/boq-identity/_/js/k=boq-identity.AccountsSignInUi.ja._pHNQUEmjOQ.es5.O/am=Ed8AAACAUfwjZADw__f_AAACCKIDvmcBmgAhAwAAAAAAAAAAFgAAQCM/d=1/excm=_b,_tp,accountchooserview/ed=1/dg=0/wt=2/ujg=1/rs=AOaEmlFtFAKy7YkurRLXZT7BJnAQDvZwcA/dti=1/m=_b,_tp:545
[   80116ms] [LOG] [ Federation Runtime ] Version 18.2.0 from dashboard of shared singleton module react does not satisfy the requirement of dashboard which needs catalog:react18) @ https://dash.cloudflare.com/runtime.95d0d223ba623070.js:3
[   80117ms] [LOG] [ Federation Runtime ] Version 11.7.0 from dashboard of shared singleton module react-fela does not satisfy the requirement of dashboard which needs 11.6.1) @ https://dash.cloudflare.com/runtime.95d0d223ba623070.js:3
[   80118ms] [LOG] [ Federation Runtime ] Version 18.2.0 from dashboard of shared singleton module react-dom does not satisfy the requirement of dashboard which needs catalog:react18) @ https://dash.cloudflare.com/runtime.95d0d223ba623070.js:3
[   80118ms] [LOG] [ Federation Runtime ] Version 1.12.9 from dashboard of shared singleton module @cloudflare/intl-react does not satisfy the requirement of dashboard which needs workspace:^) @ https://dash.cloudflare.com/runtime.95d0d223ba623070.js:3
[   80119ms] [LOG] [ Federation Runtime ] Version 1.12.9 from dashboard of shared singleton module @cloudflare/intl-react does not satisfy the requirement of dashboard which needs workspace:^) @ https://dash.cloudflare.com/runtime.95d0d223ba623070.js:3
[   80119ms] [LOG] [ Federation Runtime ] Version 1.12.9 from dashboard of shared singleton module @cloudflare/intl-react does not satisfy the requirement of dashboard which needs workspace:^) @ https://dash.cloudflare.com/runtime.95d0d223ba623070.js:3
[   80119ms] [LOG] [ Federation Runtime ] Version 1.12.9 from dashboard of shared singleton module @cloudflare/intl-react does not satisfy the requirement of dashboard which needs workspace:^) @ https://dash.cloudflare.com/runtime.95d0d223ba623070.js:3
[   80120ms] [LOG] [ Federation Runtime ] Version 1.12.9 from dashboard of shared singleton module @cloudflare/intl-react does not satisfy the requirement of dashboard which needs workspace:^) @ https://dash.cloudflare.com/runtime.95d0d223ba623070.js:3
[   80140ms] [LOG] [ Federation Runtime ] Version 18.2.0 from dashboard of shared singleton module react does not satisfy the requirement of dashboard which needs catalog:react18) @ https://dash.cloudflare.com/runtime.95d0d223ba623070.js:3
[   80140ms] [LOG] [ Federation Runtime ] Version 18.2.0 from dashboard of shared singleton module react-dom does not satisfy the requirement of dashboard which needs catalog:react18) @ https://dash.cloudflare.com/runtime.95d0d223ba623070.js:3
[   80160ms] [LOG] [ Federation Runtime ] Version 11.7.0 from dashboard of shared singleton module react-fela does not satisfy the requirement of dashboard which needs 11.6.1) @ https://dash.cloudflare.com/runtime.95d0d223ba623070.js:3
[   80161ms] [LOG] [ Federation Runtime ] Version 1.12.9 from dashboard of shared singleton module @cloudflare/intl-react does not satisfy the requirement of dashboard which needs workspace:^) @ https://dash.cloudflare.com/runtime.95d0d223ba623070.js:3
[   80603ms] [LOG] [ Federation Runtime ] Version 1.12.9 from dashboard of shared singleton module @cloudflare/intl-react does not satisfy the requirement of dashboard which needs workspace:^) @ https://dash.cloudflare.com/cf-7f54f021cf8c5ef0.js:2
[   80604ms] [LOG] [ Federation Runtime ] Version 1.12.9 from dashboard of shared singleton module @cloudflare/intl-react does not satisfy the requirement of dashboard which needs workspace:^) @ https://dash.cloudflare.com/cf-7f54f021cf8c5ef0.js:2
[   80605ms] [LOG] [ Federation Runtime ] Version 1.12.9 from dashboard of shared singleton module @cloudflare/intl-react does not satisfy the requirement of dashboard which needs workspace:^) @ https://dash.cloudflare.com/cf-7f54f021cf8c5ef0.js:2
[   80605ms] [LOG] [ Federation Runtime ] Version 1.12.9 from dashboard of shared singleton module @cloudflare/intl-react does not satisfy the requirement of dashboard which needs workspace:^) @ https://dash.cloudflare.com/cf-7f54f021cf8c5ef0.js:2
[   80605ms] [LOG] [ Federation Runtime ] Version 1.12.9 from dashboard of shared singleton module @cloudflare/intl-react does not satisfy the requirement of dashboard which needs workspace:^) @ https://dash.cloudflare.com/cf-7f54f021cf8c5ef0.js:2
[   80605ms] [LOG] [ Federation Runtime ] Version 1.12.9 from dashboard of shared singleton module @cloudflare/intl-react does not satisfy the requirement of dashboard which needs workspace:^) @ https://dash.cloudflare.com/cf-7f54f021cf8c5ef0.js:2
[   80605ms] [LOG] [ Federation Runtime ] Version 1.12.9 from dashboard of shared singleton module @cloudflare/intl-react does not satisfy the requirement of dashboard which needs workspace:^) @ https://dash.cloudflare.com/cf-7f54f021cf8c5ef0.js:2
[   80605ms] [LOG] [ Federation Runtime ] Version 1.12.9 from dashboard of shared singleton module @cloudflare/intl-react does not satisfy the requirement of dashboard which needs workspace:^) @ https://dash.cloudflare.com/cf-7f54f021cf8c5ef0.js:2
[   80605ms] [LOG] [ Federation Runtime ] Version 1.12.9 from dashboard of shared singleton module @cloudflare/intl-react does not satisfy the requirement of dashboard which needs workspace:^) @ https://dash.cloudflare.com/cf-7f54f021cf8c5ef0.js:2
[   80605ms] [LOG] [ Federation Runtime ] Version 1.12.9 from dashboard of shared singleton module @cloudflare/intl-react does not satisfy the requirement of dashboard which needs workspace:^) @ https://dash.cloudflare.com/cf-7f54f021cf8c5ef0.js:2
[   80605ms] [LOG] [ Federation Runtime ] Version 1.12.9 from dashboard of shared singleton module @cloudflare/intl-react does not satisfy the requirement of dashboard which needs workspace:^) @ https://dash.cloudflare.com/cf-7f54f021cf8c5ef0.js:2
[   80606ms] [LOG] [ Federation Runtime ] Version 1.12.9 from dashboard of shared singleton module @cloudflare/intl-react does not satisfy the requirement of dashboard which needs workspace:^) @ https://dash.cloudflare.com/cf-7f54f021cf8c5ef0.js:2
[   80606ms] [LOG] [ Federation Runtime ] Version 1.12.9 from dashboard of shared singleton module @cloudflare/intl-react does not satisfy the requirement of dashboard which needs workspace:^) @ https://dash.cloudflare.com/cf-7f54f021cf8c5ef0.js:2
[   80606ms] [LOG] [ Federation Runtime ] Version 1.12.9 from dashboard of shared singleton module @cloudflare/intl-react does not satisfy the requirement of dashboard which needs workspace:^) @ https://dash.cloudflare.com/cf-7f54f021cf8c5ef0.js:2
[   80606ms] [LOG] [ Federation Runtime ] Version 1.12.9 from dashboard of shared singleton module @cloudflare/intl-react does not satisfy the requirement of dashboard which needs workspace:^) @ https://dash.cloudflare.com/cf-7f54f021cf8c5ef0.js:2
[   80606ms] [LOG] [ Federation Runtime ] Version 1.12.9 from dashboard of shared singleton module @cloudflare/intl-react does not satisfy the requirement of dashboard which needs workspace:^) @ https://dash.cloudflare.com/cf-7f54f021cf8c5ef0.js:2
[   80606ms] [LOG] [ Federation Runtime ] Version 1.12.9 from dashboard of shared singleton module @cloudflare/intl-react does not satisfy the requirement of dashboard which needs workspace:^) @ https://dash.cloudflare.com/cf-7f54f021cf8c5ef0.js:2
[   80606ms] [LOG] [ Federation Runtime ] Version 1.12.9 from dashboard of shared singleton module @cloudflare/intl-react does not satisfy the requirement of dashboard which needs workspace:^) @ https://dash.cloudflare.com/cf-7f54f021cf8c5ef0.js:2
[   80606ms] [LOG] [ Federation Runtime ] Version 1.12.9 from dashboard of shared singleton module @cloudflare/intl-react does not satisfy the requirement of dashboard which needs workspace:^) @ https://dash.cloudflare.com/cf-7f54f021cf8c5ef0.js:2
[   81035ms] [ERROR] Failed to load resource: the server responded with a status of 403 () @ https://dash.cloudflare.com/api/v4/organizations?per_page=100:0
[   81266ms] [ERROR] Failed to load resource: the server responded with a status of 403 () @ https://dash.cloudflare.com/api/v4/zones?order=name&direction=asc&per_page=1&type=full%2Cpartial%2Csecondary:0
[   82199ms] [LOG] TypeError: Failed to fetch
    at https://dash.cloudflare.com/cf-2e089b3a01e5e5d3.js:3:86590
    at async e (https://dash.cloudflare.com/cf-f52c2fa7461a045f.js:3:608444) @ https://dash.cloudflare.com/cf-7f54f021cf8c5ef0.js:2
[   82243ms] [LOG] [ Federation Runtime ] Version 18.2.0 from dashboard of shared singleton module react does not satisfy the requirement of dashboard which needs catalog:react18) @ https://dash.cloudflare.com/runtime.95d0d223ba623070.js:3
[   82244ms] [LOG] [ Federation Runtime ] Version 11.7.0 from dashboard of shared singleton module react-fela does not satisfy the requirement of dashboard which needs 11.6.1) @ https://dash.cloudflare.com/runtime.95d0d223ba623070.js:3
[   82245ms] [LOG] [ Federation Runtime ] Version 18.2.0 from dashboard of shared singleton module react-dom does not satisfy the requirement of dashboard which needs catalog:react18) @ https://dash.cloudflare.com/runtime.95d0d223ba623070.js:3
[   82245ms] [LOG] [ Federation Runtime ] Version 1.12.9 from dashboard of shared singleton module @cloudflare/intl-react does not satisfy the requirement of dashboard which needs workspace:^) @ https://dash.cloudflare.com/runtime.95d0d223ba623070.js:3
[   82245ms] [LOG] [ Federation Runtime ] Version 1.12.9 from dashboard of shared singleton module @cloudflare/intl-react does not satisfy the requirement of dashboard which needs workspace:^) @ https://dash.cloudflare.com/runtime.95d0d223ba623070.js:3
[   82245ms] [LOG] [ Federation Runtime ] Version 1.12.9 from dashboard of shared singleton module @cloudflare/intl-react does not satisfy the requirement of dashboard which needs workspace:^) @ https://dash.cloudflare.com/runtime.95d0d223ba623070.js:3
[   82245ms] [LOG] [ Federation Runtime ] Version 1.12.9 from dashboard of shared singleton module @cloudflare/intl-react does not satisfy the requirement of dashboard which needs workspace:^) @ https://dash.cloudflare.com/runtime.95d0d223ba623070.js:3
[   82246ms] [LOG] [ Federation Runtime ] Version 1.12.9 from dashboard of shared singleton module @cloudflare/intl-react does not satisfy the requirement of dashboard which needs workspace:^) @ https://dash.cloudflare.com/runtime.95d0d223ba623070.js:3
[   82250ms] [LOG] [ Federation Runtime ] Version 18.2.0 from dashboard of shared singleton module react does not satisfy the requirement of dashboard which needs catalog:react18) @ https://dash.cloudflare.com/runtime.95d0d223ba623070.js:3
[   82250ms] [LOG] [ Federation Runtime ] Version 18.2.0 from dashboard of shared singleton module react-dom does not satisfy the requirement of dashboard which needs catalog:react18) @ https://dash.cloudflare.com/runtime.95d0d223ba623070.js:3
[   82255ms] [LOG] [ Federation Runtime ] Version 11.7.0 from dashboard of shared singleton module react-fela does not satisfy the requirement of dashboard which needs 11.6.1) @ https://dash.cloudflare.com/runtime.95d0d223ba623070.js:3
[   82255ms] [LOG] [ Federation Runtime ] Version 1.12.9 from dashboard of shared singleton module @cloudflare/intl-react does not satisfy the requirement of dashboard which needs workspace:^) @ https://dash.cloudflare.com/runtime.95d0d223ba623070.js:3
[   82883ms] [LOG] [ Federation Runtime ] Version 1.12.9 from dashboard of shared singleton module @cloudflare/intl-react does not satisfy the requirement of dashboard which needs workspace:^) @ https://dash.cloudflare.com/cf-7f54f021cf8c5ef0.js:2
[   82885ms] [LOG] [ Federation Runtime ] Version 1.12.9 from dashboard of shared singleton module @cloudflare/intl-react does not satisfy the requirement of dashboard which needs workspace:^) @ https://dash.cloudflare.com/cf-7f54f021cf8c5ef0.js:2
[   82886ms] [LOG] [ Federation Runtime ] Version 1.12.9 from dashboard of shared singleton module @cloudflare/intl-react does not satisfy the requirement of dashboard which needs workspace:^) @ https://dash.cloudflare.com/cf-7f54f021cf8c5ef0.js:2
[   82886ms] [LOG] [ Federation Runtime ] Version 1.12.9 from dashboard of shared singleton module @cloudflare/intl-react does not satisfy the requirement of dashboard which needs workspace:^) @ https://dash.cloudflare.com/cf-7f54f021cf8c5ef0.js:2
[   82886ms] [LOG] [ Federation Runtime ] Version 1.12.9 from dashboard of shared singleton module @cloudflare/intl-react does not satisfy the requirement of dashboard which needs workspace:^) @ https://dash.cloudflare.com/cf-7f54f021cf8c5ef0.js:2
[   82886ms] [LOG] [ Federation Runtime ] Version 1.12.9 from dashboard of shared singleton module @cloudflare/intl-react does not satisfy the requirement of dashboard which needs workspace:^) @ https://dash.cloudflare.com/cf-7f54f021cf8c5ef0.js:2
[   82886ms] [LOG] [ Federation Runtime ] Version 1.12.9 from dashboard of shared singleton module @cloudflare/intl-react does not satisfy the requirement of dashboard which needs workspace:^) @ https://dash.cloudflare.com/cf-7f54f021cf8c5ef0.js:2
[   82886ms] [LOG] [ Federation Runtime ] Version 1.12.9 from dashboard of shared singleton module @cloudflare/intl-react does not satisfy the requirement of dashboard which needs workspace:^) @ https://dash.cloudflare.com/cf-7f54f021cf8c5ef0.js:2
[   82886ms] [LOG] [ Federation Runtime ] Version 1.12.9 from dashboard of shared singleton module @cloudflare/intl-react does not satisfy the requirement of dashboard which needs workspace:^) @ https://dash.cloudflare.com/cf-7f54f021cf8c5ef0.js:2
[   82886ms] [LOG] [ Federation Runtime ] Version 1.12.9 from dashboard of shared singleton module @cloudflare/intl-react does not satisfy the requirement of dashboard which needs workspace:^) @ https://dash.cloudflare.com/cf-7f54f021cf8c5ef0.js:2
[   82886ms] [LOG] [ Federation Runtime ] Version 1.12.9 from dashboard of shared singleton module @cloudflare/intl-react does not satisfy the requirement of dashboard which needs workspace:^) @ https://dash.cloudflare.com/cf-7f54f021cf8c5ef0.js:2
[   82886ms] [LOG] [ Federation Runtime ] Version 1.12.9 from dashboard of shared singleton module @cloudflare/intl-react does not satisfy the requirement of dashboard which needs workspace:^) @ https://dash.cloudflare.com/cf-7f54f021cf8c5ef0.js:2
[   82886ms] [LOG] [ Federation Runtime ] Version 1.12.9 from dashboard of shared singleton module @cloudflare/intl-react does not satisfy the requirement of dashboard which needs workspace:^) @ https://dash.cloudflare.com/cf-7f54f021cf8c5ef0.js:2
[   82886ms] [LOG] [ Federation Runtime ] Version 1.12.9 from dashboard of shared singleton module @cloudflare/intl-react does not satisfy the requirement of dashboard which needs workspace:^) @ https://dash.cloudflare.com/cf-7f54f021cf8c5ef0.js:2
[   82886ms] [LOG] [ Federation Runtime ] Version 1.12.9 from dashboard of shared singleton module @cloudflare/intl-react does not satisfy the requirement of dashboard which needs workspace:^) @ https://dash.cloudflare.com/cf-7f54f021cf8c5ef0.js:2
[   82886ms] [LOG] [ Federation Runtime ] Version 1.12.9 from dashboard of shared singleton module @cloudflare/intl-react does not satisfy the requirement of dashboard which needs workspace:^) @ https://dash.cloudflare.com/cf-7f54f021cf8c5ef0.js:2
[   82886ms] [LOG] [ Federation Runtime ] Version 1.12.9 from dashboard of shared singleton module @cloudflare/intl-react does not satisfy the requirement of dashboard which needs workspace:^) @ https://dash.cloudflare.com/cf-7f54f021cf8c5ef0.js:2
[   82886ms] [LOG] [ Federation Runtime ] Version 1.12.9 from dashboard of shared singleton module @cloudflare/intl-react does not satisfy the requirement of dashboard which needs workspace:^) @ https://dash.cloudflare.com/cf-7f54f021cf8c5ef0.js:2
[   82886ms] [LOG] [ Federation Runtime ] Version 1.12.9 from dashboard of shared singleton module @cloudflare/intl-react does not satisfy the requirement of dashboard which needs workspace:^) @ https://dash.cloudflare.com/cf-7f54f021cf8c5ef0.js:2
