[     391ms] [INFO] %cDownload the React DevTools for a better development experience: https://react.dev/link/react-devtools font-weight:bold @ http://localhost:3000/_next/static/chunks/cd045_next_dist_492679fb._.js:2303
[     508ms] [LOG] [HMR] connected @ http://localhost:3000/_next/static/chunks/cd045_next_dist_492679fb._.js:2303
[     692ms] [LOG] [Fast Refresh] rebuilding @ http://localhost:3000/_next/static/chunks/cd045_next_dist_492679fb._.js:2303
[    6708ms] [LOG] [Fast Refresh] done in 6167ms @ http://localhost:3000/_next/static/chunks/cd045_next_dist_492679fb._.js:2303
[    6822ms] [LOG] [Fast Refresh] rebuilding @ http://localhost:3000/_next/static/chunks/cd045_next_dist_492679fb._.js:2303
[    6838ms] [LOG] [Fast Refresh] done in 129ms @ http://localhost:3000/_next/static/chunks/cd045_next_dist_492679fb._.js:2303
[    8480ms] [INFO] %cDownload the React DevTools for a better development experience: https://react.dev/link/react-devtools font-weight:bold @ http://localhost:3000/_next/static/chunks/cd045_next_dist_492679fb._.js:2303
[    8501ms] [LOG] [HMR] connected @ http://localhost:3000/_next/static/chunks/cd045_next_dist_492679fb._.js:2303
[   60544ms] [LOG] [Fast Refresh] rebuilding @ http://localhost:3000/_next/static/chunks/cd045_next_dist_492679fb._.js:2303
[   61125ms] [ERROR] Failed to load resource: the server responded with a status of 404 (Not Found) @ http://localhost:3000/pospreview?_rsc=18wve:0
[   61126ms] [LOG] [Fast Refresh] done in 685ms @ http://localhost:3000/_next/static/chunks/cd045_next_dist_492679fb._.js:2303
[   61173ms] [ERROR] Failed to load resource: the server responded with a status of 404 (Not Found) @ http://localhost:3000/pospreview?_rsc=18wve:0
[   61314ms] [LOG] [Fast Refresh] rebuilding @ http://localhost:3000/_next/static/chunks/cd045_next_dist_492679fb._.js:2303
[   61436ms] [LOG] [Fast Refresh] done in 234ms @ http://localhost:3000/_next/static/chunks/cd045_next_dist_492679fb._.js:2303
[   61466ms] [ERROR] Failed to load resource: the server responded with a status of 404 (Not Found) @ http://localhost:3000/pospreview?_rsc=18wve:0
[   61533ms] [INFO] %cDownload the React DevTools for a better development experience: https://react.dev/link/react-devtools font-weight:bold @ http://localhost:3000/_next/static/chunks/cd045_next_dist_492679fb._.js:2303
[   61556ms] [LOG] [HMR] connected @ http://localhost:3000/_next/static/chunks/cd045_next_dist_492679fb._.js:2303
[   61740ms] [LOG] [Fast Refresh] rebuilding @ http://localhost:3000/_next/static/chunks/cd045_next_dist_492679fb._.js:2303
[   62399ms] [LOG] [Fast Refresh] done in 762ms @ http://localhost:3000/_next/static/chunks/cd045_next_dist_492679fb._.js:2303
[   62502ms] [LOG] [Fast Refresh] rebuilding @ http://localhost:3000/_next/static/chunks/cd045_next_dist_492679fb._.js:2303
[   62527ms] [LOG] [Fast Refresh] done in 127ms @ http://localhost:3000/_next/static/chunks/cd045_next_dist_492679fb._.js:2303
[   62747ms] [LOG] [Fast Refresh] rebuilding @ http://localhost:3000/_next/static/chunks/cd045_next_dist_492679fb._.js:2303
[   62813ms] [LOG] [Fast Refresh] done in 176ms @ http://localhost:3000/_next/static/chunks/cd045_next_dist_492679fb._.js:2303
[   62920ms] [LOG] [Fast Refresh] rebuilding @ http://localhost:3000/_next/static/chunks/cd045_next_dist_492679fb._.js:2303
[   62994ms] [LOG] [Fast Refresh] done in 175ms @ http://localhost:3000/_next/static/chunks/cd045_next_dist_492679fb._.js:2303
[   63366ms] [LOG] [Fast Refresh] rebuilding @ http://localhost:3000/_next/static/chunks/cd045_next_dist_492679fb._.js:2303
[   63506ms] [LOG] [Fast Refresh] done in 248ms @ http://localhost:3000/_next/static/chunks/cd045_next_dist_492679fb._.js:2303
[   64277ms] [LOG] [Fast Refresh] rebuilding @ http://localhost:3000/_next/static/chunks/cd045_next_dist_492679fb._.js:2303
[   64377ms] [LOG] [Fast Refresh] done in 200ms @ http://localhost:3000/_next/static/chunks/cd045_next_dist_492679fb._.js:2303
[   64850ms] [LOG] [Fast Refresh] rebuilding @ http://localhost:3000/_next/static/chunks/cd045_next_dist_492679fb._.js:2303
[   64929ms] [LOG] [Fast Refresh] done in 185ms @ http://localhost:3000/_next/static/chunks/cd045_next_dist_492679fb._.js:2303
[   65192ms] [LOG] [Fast Refresh] rebuilding @ http://localhost:3000/_next/static/chunks/cd045_next_dist_492679fb._.js:2303
[   65240ms] [LOG] [Fast Refresh] done in 148ms @ http://localhost:3000/_next/static/chunks/cd045_next_dist_492679fb._.js:2303
[   65783ms] [LOG] [Fast Refresh] rebuilding @ http://localhost:3000/_next/static/chunks/cd045_next_dist_492679fb._.js:2303
[   65805ms] [LOG] [Fast Refresh] done in 123ms @ http://localhost:3000/_next/static/chunks/cd045_next_dist_492679fb._.js:2303
[   66385ms] [LOG] [Fast Refresh] rebuilding @ http://localhost:3000/_next/static/chunks/cd045_next_dist_492679fb._.js:2303
[   66462ms] [LOG] [Fast Refresh] done in 179ms @ http://localhost:3000/_next/static/chunks/cd045_next_dist_492679fb._.js:2303
[   69255ms] [LOG] [Fast Refresh] rebuilding @ http://localhost:3000/_next/static/chunks/cd045_next_dist_492679fb._.js:2303
[   69280ms] [LOG] [Fast Refresh] done in 131ms @ http://localhost:3000/_next/static/chunks/cd045_next_dist_492679fb._.js:2303
[   70823ms] [LOG] [Fast Refresh] rebuilding @ http://localhost:3000/_next/static/chunks/cd045_next_dist_492679fb._.js:2303
[   70838ms] [LOG] [Fast Refresh] done in 122ms @ http://localhost:3000/_next/static/chunks/cd045_next_dist_492679fb._.js:2303
[   71101ms] [LOG] [Fast Refresh] rebuilding @ http://localhost:3000/_next/static/chunks/cd045_next_dist_492679fb._.js:2303
[   71196ms] [LOG] [Fast Refresh] done in 196ms @ http://localhost:3000/_next/static/chunks/cd045_next_dist_492679fb._.js:2303
[  166837ms] [LOG] [Fast Refresh] rebuilding @ http://localhost:3000/_next/static/chunks/cd045_next_dist_492679fb._.js:2303
[  167103ms] [LOG] [Fast Refresh] done in 372ms @ http://localhost:3000/_next/static/chunks/cd045_next_dist_492679fb._.js:2303
[  196827ms] [LOG] [Fast Refresh] rebuilding @ http://localhost:3000/_next/static/chunks/cd045_next_dist_492679fb._.js:2303
[  197080ms] [LOG] [Fast Refresh] done in 362ms @ http://localhost:3000/_next/static/chunks/cd045_next_dist_492679fb._.js:2303
