[     115ms] [LOG] [Fast Refresh] rebuilding @ http://localhost:3010/_next/static/chunks/0c5c0_next_dist_a1176061._.js:2297
[     308ms] [LOG] [Fast Refresh] done in 295ms @ http://localhost:3010/_next/static/chunks/0c5c0_next_dist_a1176061._.js:2297
[     315ms] [ERROR] Failed to load resource: the server responded with a status of 404 (Not Found) @ http://localhost:3010/nonexistent:0
[     387ms] [INFO] %cDownload the React DevTools for a better development experience: https://react.dev/link/react-devtools font-weight:bold @ http://localhost:3010/_next/static/chunks/0c5c0_next_dist_a1176061._.js:2297
[     414ms] [LOG] [HMR] connected @ http://localhost:3010/_next/static/chunks/0c5c0_next_dist_a1176061._.js:2297
[ 1327772ms] [LOG] [Fast Refresh] rebuilding @ http://localhost:3010/_next/static/chunks/0c5c0_next_dist_a1176061._.js:2297
[ 1327807ms] [ERROR] Failed to load resource: the server responded with a status of 404 (Not Found) @ http://localhost:3010/nonexistent?_rsc=kw9md:0
[ 1327849ms] [ERROR] Failed to load resource: the server responded with a status of 404 (Not Found) @ http://localhost:3010/nonexistent:0
[ 1327940ms] [INFO] %cDownload the React DevTools for a better development experience: https://react.dev/link/react-devtools font-weight:bold @ http://localhost:3010/_next/static/chunks/0c5c0_next_dist_a1176061._.js:2297
[ 1328059ms] [LOG] [HMR] connected @ http://localhost:3010/_next/static/chunks/0c5c0_next_dist_a1176061._.js:2297
[ 1335127ms] [LOG] [Fast Refresh] rebuilding @ http://localhost:3010/_next/static/chunks/0c5c0_next_dist_a1176061._.js:2297
[ 1335153ms] [ERROR] Failed to load resource: the server responded with a status of 404 (Not Found) @ http://localhost:3010/nonexistent?_rsc=kw9md:0
[ 1335199ms] [ERROR] Failed to load resource: the server responded with a status of 404 (Not Found) @ http://localhost:3010/nonexistent:0
[ 1335271ms] [INFO] %cDownload the React DevTools for a better development experience: https://react.dev/link/react-devtools font-weight:bold @ http://localhost:3010/_next/static/chunks/0c5c0_next_dist_a1176061._.js:2297
[ 1335295ms] [LOG] [HMR] connected @ http://localhost:3010/_next/static/chunks/0c5c0_next_dist_a1176061._.js:2297
[ 2038884ms] [LOG] [Fast Refresh] rebuilding @ http://localhost:3010/_next/static/chunks/0c5c0_next_dist_a1176061._.js:2297
[ 2038959ms] [LOG] [Fast Refresh] done in 176ms @ http://localhost:3010/_next/static/chunks/0c5c0_next_dist_a1176061._.js:2297
[ 2076565ms] [LOG] [Fast Refresh] rebuilding @ http://localhost:3010/_next/static/chunks/0c5c0_next_dist_a1176061._.js:2297
[ 2076818ms] [LOG] [Fast Refresh] done in 365ms @ http://localhost:3010/_next/static/chunks/0c5c0_next_dist_a1176061._.js:2297
[ 2093099ms] [LOG] [Fast Refresh] rebuilding @ http://localhost:3010/_next/static/chunks/0c5c0_next_dist_a1176061._.js:2297
[ 2093318ms] [LOG] [Fast Refresh] done in 332ms @ http://localhost:3010/_next/static/chunks/0c5c0_next_dist_a1176061._.js:2297
[ 2109940ms] [LOG] [Fast Refresh] rebuilding @ http://localhost:3010/_next/static/chunks/0c5c0_next_dist_a1176061._.js:2297
[ 2110167ms] [LOG] [Fast Refresh] done in 333ms @ http://localhost:3010/_next/static/chunks/0c5c0_next_dist_a1176061._.js:2297
[ 2110617ms] [LOG] [Fast Refresh] rebuilding @ http://localhost:3010/_next/static/chunks/0c5c0_next_dist_a1176061._.js:2297
[ 2110793ms] [LOG] [Fast Refresh] done in 286ms @ http://localhost:3010/_next/static/chunks/0c5c0_next_dist_a1176061._.js:2297
[ 2118305ms] [LOG] [Fast Refresh] rebuilding @ http://localhost:3010/_next/static/chunks/0c5c0_next_dist_a1176061._.js:2297
[ 2118469ms] [LOG] [Fast Refresh] done in 269ms @ http://localhost:3010/_next/static/chunks/0c5c0_next_dist_a1176061._.js:2297
[ 2120578ms] [LOG] [Fast Refresh] rebuilding @ http://localhost:3010/_next/static/chunks/0c5c0_next_dist_a1176061._.js:2297
[ 2120758ms] [LOG] [Fast Refresh] done in 282ms @ http://localhost:3010/_next/static/chunks/0c5c0_next_dist_a1176061._.js:2297
